2020.08.10 20:44:01 INFO  started: Metals version 0.9.2 in workspace '/Users/yukisato/Documents/FPinScala' for client vscode.
2020.08.10 20:44:01 INFO  time: initialize in 0.29s
2020.08.10 20:44:02 WARN  no build tool detected in workspace '/Users/yukisato/Documents/FPinScala'. The most common cause for this problem is that the editor was opened in the wrong working directory, for example if you use sbt then the workspace directory should contain build.sbt. 
2020.08.10 20:44:02 INFO  no build target: using presentation compiler with only scala-library
2020.08.10 20:44:05 WARN  no build target for: /Users/yukisato/Documents/FPinScala/list2_1.scala
8 10, 2020 8:44:09 午後 org.eclipse.lsp4j.jsonrpc.RemoteEndpoint handleCancellation
警告: Unmatched cancel notification for request id 8
8 10, 2020 8:47:51 午後 scala.meta.internal.pc.CompilerAccess handleError
重大: String index out of range: -2
java.lang.StringIndexOutOfBoundsException: String index out of range: -2
	at java.lang.String.<init>(String.java:196)
	at scala.tools.nsc.interactive.Global.typeCompletions$1(Global.scala:1230)
	at scala.tools.nsc.interactive.Global.completionsAt(Global.scala:1253)
	at scala.meta.internal.pc.SignatureHelpProvider.$anonfun$treeSymbol$1(SignatureHelpProvider.scala:376)
	at scala.Option.map(Option.scala:230)
	at scala.meta.internal.pc.SignatureHelpProvider.treeSymbol(SignatureHelpProvider.scala:374)
	at scala.meta.internal.pc.SignatureHelpProvider$MethodCall$.unapply(SignatureHelpProvider.scala:199)
	at scala.meta.internal.pc.SignatureHelpProvider$MethodCallTraverser.visit(SignatureHelpProvider.scala:310)
	at scala.meta.internal.pc.SignatureHelpProvider$MethodCallTraverser.traverse(SignatureHelpProvider.scala:304)
	at scala.meta.internal.pc.SignatureHelpProvider$MethodCallTraverser.fromTree(SignatureHelpProvider.scala:273)
	at scala.meta.internal.pc.SignatureHelpProvider.signatureHelp(SignatureHelpProvider.scala:27)

something's wrong: no file:///Users/yukisato/Documents/FPinScala/list2_1.scala in Array[<error>]RangePosition(file:///Users/yukisato/Documents/FPinScala/list2_1.scala, 266, 266, 281)
something's wrong: no file:///Users/yukisato/Documents/FPinScala/list2_1.scala in Array[<error>]RangePosition(file:///Users/yukisato/Documents/FPinScala/list2_1.scala, 266, 266, 275)
something's wrong: no file:///Users/yukisato/Documents/FPinScala/list2_1.scala in Array[<error>]RangePosition(file:///Users/yukisato/Documents/FPinScala/list2_1.scala, 266, 266, 274)
something's wrong: no file:///Users/yukisato/Documents/FPinScala/list2_1.scala in Array[<error>]RangePosition(file:///Users/yukisato/Documents/FPinScala/list2_1.scala, 266, 266, 281)
something's wrong: no file:///Users/yukisato/Documents/FPinScala/list2_1.scala in Array[<error>]RangePosition(file:///Users/yukisato/Documents/FPinScala/list2_1.scala, 266, 266, 274)
something's wrong: no file:///Users/yukisato/Documents/FPinScala/list2_1.scala in Array[<error>]RangePosition(file:///Users/yukisato/Documents/FPinScala/list2_1.scala, 266, 266, 275)
something's wrong: no file:///Users/yukisato/Documents/FPinScala/list2_1.scala in Array[<error>]RangePosition(file:///Users/yukisato/Documents/FPinScala/list2_1.scala, 266, 266, 277)
something's wrong: no file:///Users/yukisato/Documents/FPinScala/list2_1.scala in Array[<error>]RangePosition(file:///Users/yukisato/Documents/FPinScala/list2_1.scala, 266, 266, 276)
something's wrong: no file:///Users/yukisato/Documents/FPinScala/list2_1.scala in Array[<error>]RangePosition(file:///Users/yukisato/Documents/FPinScala/list2_1.scala, 266, 266, 278)
something's wrong: no file:///Users/yukisato/Documents/FPinScala/list2_1.scala in Array[String]RangePosition(file:///Users/yukisato/Documents/FPinScala/list2_1.scala, 266, 266, 279)
something's wrong: no file:///Users/yukisato/Documents/FPinScala/list2_1.scala in Array[String]RangePosition(file:///Users/yukisato/Documents/FPinScala/list2_1.scala, 266, 266, 279)
something's wrong: no file:///Users/yukisato/Documents/FPinScala/list2_1.scala in Array[String]RangePosition(file:///Users/yukisato/Documents/FPinScala/list2_1.scala, 266, 266, 279)
8 10, 2020 8:49:05 午後 scala.meta.internal.pc.CompilerAccess handleError
重大: String index out of range: -2
java.lang.StringIndexOutOfBoundsException: String index out of range: -2
	at java.lang.String.<init>(String.java:196)
	at scala.tools.nsc.interactive.Global.typeCompletions$1(Global.scala:1230)
	at scala.tools.nsc.interactive.Global.completionsAt(Global.scala:1253)
	at scala.meta.internal.pc.SignatureHelpProvider.$anonfun$treeSymbol$1(SignatureHelpProvider.scala:376)
	at scala.Option.map(Option.scala:230)
	at scala.meta.internal.pc.SignatureHelpProvider.treeSymbol(SignatureHelpProvider.scala:374)
	at scala.meta.internal.pc.SignatureHelpProvider$MethodCall$.unapply(SignatureHelpProvider.scala:199)
	at scala.meta.internal.pc.SignatureHelpProvider$MethodCallTraverser.visit(SignatureHelpProvider.scala:310)
	at scala.meta.internal.pc.SignatureHelpProvider$MethodCallTraverser.traverse(SignatureHelpProvider.scala:304)
	at scala.meta.internal.pc.SignatureHelpProvider$MethodCallTraverser.fromTree(SignatureHelpProvider.scala:273)
	at scala.meta.internal.pc.SignatureHelpProvider.signatureHelp(SignatureHelpProvider.scala:27)

2020.08.10 20:49:15 WARN  no build target for: /Users/yukisato/Documents/FPinScala/list2_1.scala
8 10, 2020 8:53:09 午後 scala.meta.internal.pc.CompletionProvider expected$1
警告: String index out of range: -1
2020.08.10 20:53:20 WARN  no build target for: /Users/yukisato/Documents/FPinScala/list2_1.scala
2020.08.10 20:53:29 WARN  no build target for: /Users/yukisato/Documents/FPinScala/list2_1.scala
2020.08.10 20:53:39 WARN  no build target for: /Users/yukisato/Documents/FPinScala/list2_1.scala
something's wrong: no file:///Users/yukisato/Documents/FPinScala/list2_1.scala in Array[String]RangePosition(file:///Users/yukisato/Documents/FPinScala/list2_1.scala, 266, 266, 279)
2020.08.10 21:13:59 WARN  no build target for: /Users/yukisato/Documents/FPinScala/list2_2.scala
2020.08.10 21:19:10 WARN  no build tool detected in workspace '/Users/yukisato/Documents/FPinScala'. The most common cause for this problem is that the editor was opened in the wrong working directory, for example if you use sbt then the workspace directory should contain build.sbt. 
2020.08.10 21:22:32 WARN  no build target for: /Users/yukisato/Documents/FPinScala/list2_2.scala
2020.08.10 21:31:33 WARN  no build target for: /Users/yukisato/Documents/FPinScala/exercise2_1.scala
something's wrong: no file:///Users/yukisato/Documents/FPinScala/exercise2_1.scala in Array[<error>]RangePosition(file:///Users/yukisato/Documents/FPinScala/exercise2_1.scala, 206, 206, 221)
something's wrong: no file:///Users/yukisato/Documents/FPinScala/exercise2_1.scala in Array[<error>]RangePosition(file:///Users/yukisato/Documents/FPinScala/exercise2_1.scala, 206, 206, 214)
something's wrong: no file:///Users/yukisato/Documents/FPinScala/exercise2_1.scala in Array[<error>]RangePosition(file:///Users/yukisato/Documents/FPinScala/exercise2_1.scala, 206, 206, 215)
something's wrong: no file:///Users/yukisato/Documents/FPinScala/exercise2_1.scala in Array[<error>]RangePosition(file:///Users/yukisato/Documents/FPinScala/exercise2_1.scala, 206, 206, 214)
something's wrong: no file:///Users/yukisato/Documents/FPinScala/exercise2_1.scala in Array[<error>]RangePosition(file:///Users/yukisato/Documents/FPinScala/exercise2_1.scala, 206, 206, 215)
something's wrong: no file:///Users/yukisato/Documents/FPinScala/exercise2_1.scala in Array[<error>]RangePosition(file:///Users/yukisato/Documents/FPinScala/exercise2_1.scala, 206, 206, 217)
something's wrong: no file:///Users/yukisato/Documents/FPinScala/exercise2_1.scala in Array[<error>]RangePosition(file:///Users/yukisato/Documents/FPinScala/exercise2_1.scala, 206, 206, 218)
something's wrong: no file:///Users/yukisato/Documents/FPinScala/exercise2_1.scala in Array[<error>]RangePosition(file:///Users/yukisato/Documents/FPinScala/exercise2_1.scala, 206, 206, 218)
something's wrong: no file:///Users/yukisato/Documents/FPinScala/exercise2_1.scala in Array[<error>]RangePosition(file:///Users/yukisato/Documents/FPinScala/exercise2_1.scala, 206, 206, 218)
2020.08.10 22:00:22 WARN  no build target for: /Users/yukisato/Documents/FPinScala/exercise2_1.scala
2020.08.10 22:00:22 INFO  skipping build import with status 'Dismissed'
2020.08.10 22:00:41 WARN  no build target for: /Users/yukisato/Documents/FPinScala/exercise2_1.scala
2020.08.10 22:00:41 INFO  skipping build import with status 'Dismissed'
2020.08.10 22:00:53 WARN  no build target for: /Users/yukisato/Documents/FPinScala/exercise2_1.scala
2020.08.10 22:00:53 INFO  skipping build import with status 'Dismissed'
something's wrong: no file:///Users/yukisato/Documents/FPinScala/exercise2_1.scala in Array[String]RangePosition(file:///Users/yukisato/Documents/FPinScala/exercise2_1.scala, 208, 208, 221)
2020.08.10 22:01:12 WARN  no build target for: /Users/yukisato/Documents/FPinScala/exercise2_1.scala
2020.08.10 22:01:12 INFO  skipping build import with status 'Dismissed'
2020.08.10 22:01:32 WARN  no build target for: /Users/yukisato/Documents/FPinScala/exercise2_1.scala
2020.08.10 22:01:32 INFO  skipping build import with status 'Dismissed'
2020.08.10 22:01:58 WARN  no build target for: /Users/yukisato/Documents/FPinScala/exercise2_1.scala
2020.08.10 22:01:58 INFO  skipping build import with status 'Dismissed'
2020.08.10 22:06:03 WARN  no build target for: /Users/yukisato/Documents/FPinScala/exercise2_1.scala
2020.08.10 22:06:03 INFO  skipping build import with status 'Dismissed'
2020.08.10 22:06:09 WARN  no build target for: /Users/yukisato/Documents/FPinScala/exercise2_1.scala
2020.08.10 22:06:09 INFO  skipping build import with status 'Dismissed'
2020.08.10 22:07:00 WARN  no build target for: /Users/yukisato/Documents/FPinScala/list2_1.scala
2020.08.10 22:07:00 WARN  no build target for: /Users/yukisato/Documents/FPinScala/list2_2.scala
2020.08.10 22:07:01 WARN  no build target for: /Users/yukisato/Documents/FPinScala/list2_1.scala
2020.08.10 22:09:42 WARN  no build target for: /Users/yukisato/Documents/FPinScala/list2_3.scala
2020.08.10 22:10:22 WARN  no build target for: /Users/yukisato/Documents/FPinScala/list2_2.scala
2020.08.10 22:10:24 WARN  code navigation does not work for the file '/Users/yukisato/Documents/FPinScala/list2_2.scala' because it doesn't belong to a build target.
something's wrong: no file:///Users/yukisato/Documents/FPinScala/list2_3.scala in Array[<error>]RangePosition(file:///Users/yukisato/Documents/FPinScala/list2_3.scala, 462, 462, 477)
something's wrong: no file:///Users/yukisato/Documents/FPinScala/list2_3.scala in Array[<error>]RangePosition(file:///Users/yukisato/Documents/FPinScala/list2_3.scala, 462, 462, 470)
something's wrong: no file:///Users/yukisato/Documents/FPinScala/list2_3.scala in Array[<error>]RangePosition(file:///Users/yukisato/Documents/FPinScala/list2_3.scala, 462, 462, 471)
something's wrong: no file:///Users/yukisato/Documents/FPinScala/list2_3.scala in Array[<error>]RangePosition(file:///Users/yukisato/Documents/FPinScala/list2_3.scala, 462, 462, 472)
something's wrong: no file:///Users/yukisato/Documents/FPinScala/list2_3.scala in Array[<error>]RangePosition(file:///Users/yukisato/Documents/FPinScala/list2_3.scala, 462, 462, 473)
something's wrong: no file:///Users/yukisato/Documents/FPinScala/list2_3.scala in Array[<error>]RangePosition(file:///Users/yukisato/Documents/FPinScala/list2_3.scala, 462, 462, 474)
something's wrong: no file:///Users/yukisato/Documents/FPinScala/list2_3.scala in Array[String]RangePosition(file:///Users/yukisato/Documents/FPinScala/list2_3.scala, 462, 462, 475)
something's wrong: no file:///Users/yukisato/Documents/FPinScala/list2_3.scala in Array[String]RangePosition(file:///Users/yukisato/Documents/FPinScala/list2_3.scala, 462, 462, 475)
something's wrong: no file:///Users/yukisato/Documents/FPinScala/list2_3.scala in Array[String]RangePosition(file:///Users/yukisato/Documents/FPinScala/list2_3.scala, 462, 462, 475)
2020.08.10 22:14:18 WARN  no build target for: /Users/yukisato/Documents/FPinScala/list2_3.scala
2020.08.10 22:14:18 INFO  skipping build import with status 'Dismissed'
2020.08.10 22:14:24 WARN  no build target for: /Users/yukisato/Documents/FPinScala/list2_3.scala
2020.08.10 22:14:24 INFO  skipping build import with status 'Dismissed'
2020.08.10 22:18:51 WARN  no build target for: /Users/yukisato/Documents/FPinScala/list2_3.scala
2020.08.10 22:18:51 INFO  skipping build import with status 'Dismissed'
2020.08.10 22:25:11 WARN  no build target for: /Users/yukisato/Documents/FPinScala/exercise2_2.scala
something's wrong: no file:///Users/yukisato/Documents/FPinScala/exercise2_2.scala in Array[<error>]RangePosition(file:///Users/yukisato/Documents/FPinScala/exercise2_2.scala, 43, 43, 58)
something's wrong: no file:///Users/yukisato/Documents/FPinScala/exercise2_2.scala in Array[A]RangePosition(file:///Users/yukisato/Documents/FPinScala/exercise2_2.scala, 43, 43, 51)
something's wrong: no file:///Users/yukisato/Documents/FPinScala/exercise2_2.scala in Array[A]RangePosition(file:///Users/yukisato/Documents/FPinScala/exercise2_2.scala, 43, 43, 51)
something's wrong: no file:///Users/yukisato/Documents/FPinScala/exercise2_2.scala in Array[A]RangePosition(file:///Users/yukisato/Documents/FPinScala/exercise2_2.scala, 43, 43, 51)
8 10, 2020 10:38:10 午後 scala.meta.internal.pc.CompletionProvider expected$1
警告: String index out of range: -1
2020.08.10 22:41:25 WARN  no build target for: /Users/yukisato/Documents/FPinScala/exercise2_2.scala
2020.08.10 22:41:25 INFO  skipping build import with status 'Dismissed'
2020.08.10 22:51:20 WARN  no build target for: /Users/yukisato/Documents/FPinScala/exercise2_2.scala
2020.08.10 22:51:20 INFO  skipping build import with status 'Dismissed'
2020.08.10 22:51:23 INFO  shutting down Metals
